[debug] [2023-04-21T12:29:13.929Z] ----------------------------------------------------------------------
[debug] [2023-04-21T12:29:13.929Z] Command:       /usr/local/bin/node /usr/local/bin/firebase init hosting
[debug] [2023-04-21T12:29:13.930Z] CLI Version:   11.26.0
[debug] [2023-04-21T12:29:13.930Z] Platform:      darwin
[debug] [2023-04-21T12:29:13.930Z] Node Version:  v18.15.0
[debug] [2023-04-21T12:29:13.934Z] Time:          Fri Apr 21 2023 08:29:13 GMT-0400 (Eastern Daylight Time)
[debug] [2023-04-21T12:29:13.934Z] ----------------------------------------------------------------------
[debug] 
[debug] [2023-04-21T12:29:13.968Z] > command requires scopes: ["email","openid","https://www.googleapis.com/auth/cloudplatformprojects.readonly","https://www.googleapis.com/auth/firebase","https://www.googleapis.com/auth/cloud-platform"]
[debug] [2023-04-21T12:29:13.969Z] > authorizing via signed-in user (jasminehenry356@gmail.com)
[info] 
     ######## #### ########  ######## ########     ###     ######  ########
     ##        ##  ##     ## ##       ##     ##  ##   ##  ##       ##
     ######    ##  ########  ######   ########  #########  ######  ######
     ##        ##  ##    ##  ##       ##     ## ##     ##       ## ##
     ##       #### ##     ## ######## ########  ##     ##  ######  ########

You're about to initialize a Firebase project in this directory:

  /Users/jasmine/code-c10/react/about-jas

Before we get started, keep in mind:

  * You are initializing within an existing Firebase project directory

[info] 
=== Project Setup
[info] 
[info] First, let's associate this project directory with a Firebase project.
[info] You can create multiple project aliases by running firebase use --add, 
[info] but for now we'll just set up a default project.
[info] 
[debug] [2023-04-21T12:29:13.970Z] Using project from CLI flag: profile-template-c-10
[debug] [2023-04-21T12:29:13.971Z] > refreshing access token with scopes: []
[debug] [2023-04-21T12:29:13.972Z] >>> [apiv2][query] POST https://www.googleapis.com/oauth2/v3/token [none]
[debug] [2023-04-21T12:29:13.972Z] >>> [apiv2][body] POST https://www.googleapis.com/oauth2/v3/token [omitted]
[debug] [2023-04-21T12:29:14.137Z] <<< [apiv2][status] POST https://www.googleapis.com/oauth2/v3/token 200
[debug] [2023-04-21T12:29:14.138Z] <<< [apiv2][body] POST https://www.googleapis.com/oauth2/v3/token [omitted]
[debug] [2023-04-21T12:29:14.153Z] >>> [apiv2][query] GET https://firebase.googleapis.com/v1beta1/projects/profile-template-c-10 [none]
[debug] [2023-04-21T12:29:14.575Z] <<< [apiv2][status] GET https://firebase.googleapis.com/v1beta1/projects/profile-template-c-10 403
[debug] [2023-04-21T12:29:14.575Z] <<< [apiv2][body] GET https://firebase.googleapis.com/v1beta1/projects/profile-template-c-10 {"error":{"code":403,"message":"The caller does not have permission","status":"PERMISSION_DENIED"}}
[debug] [2023-04-21T12:29:14.576Z] HTTP Error: 403, The caller does not have permission
[debug] [2023-04-21T12:29:14.578Z] FirebaseError: HTTP Error: 403, The caller does not have permission
    at responseToError (/usr/local/lib/node_modules/firebase-tools/lib/responseToError.js:49:12)
    at RetryOperation._fn (/usr/local/lib/node_modules/firebase-tools/lib/apiv2.js:288:77)
    at process.processTicksAndRejections (node:internal/process/task_queues:95:5)
[error] 
[error] Error: Failed to get Firebase project profile-template-c-10. Please make sure the project exists and your account has permission to access it.
